<?xml version="1.0" encoding="UTF-8"?>
<testng-results ignored="0" total="1" passed="0" failed="1" skipped="0">
  <reporter-output>
  </reporter-output>
  <suite started-at="2019-12-29T12:50:18Z" name="Default suite" finished-at="2019-12-29T12:50:31Z" duration-ms="13388">
    <groups>
    </groups>
    <test started-at="2019-12-29T12:50:18Z" name="Default test" finished-at="2019-12-29T12:50:31Z" duration-ms="13388">
      <class name="com.qa.capsulecrm.testcases.AddedPersonPageTest">
        <test-method is-config="true" signature="setUp()[pri:0, instance:com.qa.capsulecrm.testcases.AddedPersonPageTest@702b8b12]" started-at="2019-12-29T18:20:18Z" name="setUp" finished-at="2019-12-29T18:20:28Z" duration-ms="9807" status="PASS">
          <reporter-output>
          </reporter-output>
        </test-method> <!-- setUp -->
        <test-method signature="validateAddedPersonTest(java.lang.String, java.lang.String)[pri:0, instance:com.qa.capsulecrm.testcases.AddedPersonPageTest@702b8b12]" started-at="2019-12-29T18:20:28Z" name="validateAddedPersonTest" data-provider="getData" finished-at="2019-12-29T18:20:30Z" duration-ms="2198" status="FAIL">
          <params>
            <param index="0">
              <value>
                <![CDATA[Zack]]>
              </value>
            </param>
            <param index="1">
              <value>
                <![CDATA[Peters]]>
              </value>
            </param>
          </params>
          <exception class="java.lang.AssertionError">
            <message>
              <![CDATA[expected [ZackPeters] but found [Zack Peters]]]>
            </message>
            <full-stacktrace>
              <![CDATA[java.lang.AssertionError: expected [ZackPeters] but found [Zack Peters]
	at org.testng.Assert.fail(Assert.java:93)
	at org.testng.Assert.failNotEquals(Assert.java:512)
	at org.testng.Assert.assertEqualsImpl(Assert.java:134)
	at org.testng.Assert.assertEquals(Assert.java:115)
	at org.testng.Assert.assertEquals(Assert.java:189)
	at org.testng.Assert.assertEquals(Assert.java:199)
	at com.qa.capsulecrm.testcases.AddedPersonPageTest.validateAddedPersonTest(AddedPersonPageTest.java:52)
	at java.base/jdk.internal.reflect.NativeMethodAccessorImpl.invoke0(Native Method)
	at java.base/jdk.internal.reflect.NativeMethodAccessorImpl.invoke(NativeMethodAccessorImpl.java:62)
	at java.base/jdk.internal.reflect.DelegatingMethodAccessorImpl.invoke(DelegatingMethodAccessorImpl.java:43)
	at java.base/java.lang.reflect.Method.invoke(Method.java:567)
	at org.testng.internal.MethodInvocationHelper.invokeMethod(MethodInvocationHelper.java:108)
	at org.testng.internal.Invoker.invokeMethod(Invoker.java:661)
	at org.testng.internal.Invoker.invokeTestMethod(Invoker.java:869)
	at org.testng.internal.Invoker.invokeTestMethods(Invoker.java:1193)
	at org.testng.internal.TestMethodWorker.invokeTestMethods(TestMethodWorker.java:126)
	at org.testng.internal.TestMethodWorker.run(TestMethodWorker.java:109)
	at org.testng.TestRunner.privateRun(TestRunner.java:744)
	at org.testng.TestRunner.run(TestRunner.java:602)
	at org.testng.SuiteRunner.runTest(SuiteRunner.java:380)
	at org.testng.SuiteRunner.runSequentially(SuiteRunner.java:375)
	at org.testng.SuiteRunner.privateRun(SuiteRunner.java:340)
	at org.testng.SuiteRunner.run(SuiteRunner.java:289)
	at org.testng.SuiteRunnerWorker.runSuite(SuiteRunnerWorker.java:52)
	at org.testng.SuiteRunnerWorker.run(SuiteRunnerWorker.java:86)
	at org.testng.TestNG.runSuitesSequentially(TestNG.java:1301)
	at org.testng.TestNG.runSuitesLocally(TestNG.java:1226)
	at org.testng.TestNG.runSuites(TestNG.java:1144)
	at org.testng.TestNG.run(TestNG.java:1115)
	at org.testng.remote.AbstractRemoteTestNG.run(AbstractRemoteTestNG.java:115)
	at org.testng.remote.RemoteTestNG.initAndRun(RemoteTestNG.java:251)
	at org.testng.remote.RemoteTestNG.main(RemoteTestNG.java:77)
]]>
            </full-stacktrace>
          </exception> <!-- java.lang.AssertionError -->
          <reporter-output>
          </reporter-output>
        </test-method> <!-- validateAddedPersonTest -->
        <test-method is-config="true" signature="tearDown()[pri:0, instance:com.qa.capsulecrm.testcases.AddedPersonPageTest@702b8b12]" started-at="2019-12-29T18:20:30Z" name="tearDown" finished-at="2019-12-29T18:20:31Z" duration-ms="744" status="PASS">
          <reporter-output>
          </reporter-output>
        </test-method> <!-- tearDown -->
      </class> <!-- com.qa.capsulecrm.testcases.AddedPersonPageTest -->
    </test> <!-- Default test -->
  </suite> <!-- Default suite -->
</testng-results>
